Arguments: 
  /Users/gitsindonesia/.nvm/versions/node/v16.13.2/bin/node /Users/gitsindonesia/.nvm/versions/node/v16.13.2/bin/yarn

PATH: 
  /Users/gitsindonesia/.yarn/bin:/Users/gitsindonesia/.config/yarn/global/node_modules/.bin:/Users/gitsindonesia/Downloads/google-cloud-sdk/bin:/Users/gitsindonesia/.nvm/versions/node/v16.13.2/bin:/Users/gitsindonesia/.gem/bin:/usr/local/bin:/usr/bin:/bin:/usr/sbin:/sbin:/Library/Apple/usr/bin:/Applications/Postgres.app/Contents/Versions/latest/bin:/Users/gitsindonesia/.yarn/bin:/Users/gitsindonesia/.config/yarn/global/node_modules/.bin:/Users/gitsindonesia/Downloads/google-cloud-sdk/bin:/Users/gitsindonesia/.nvm/versions/node/v16.13.2/bin:/Users/gitsindonesia/.gem/bin:/Users/gitsindonesia/.fig/bin:/Applications/Visual Studio Code.app/Contents/Resources/app/bin:/Users/gitsindonesia/Development/flutter/bin:/Applications/Visual Studio Code.app/Contents/Resources/app/bin:/Users/gitsindonesia/Development/flutter/bin

Yarn version: 
  1.22.17

Node version: 
  16.13.2

Platform: 
  darwin x64

Trace: 
  Error: https://registry.yarnpkg.com/@storybook%2faddon-essentials: ESOCKETTIMEDOUT
      at ClientRequest.<anonymous> (/Users/gitsindonesia/.nvm/versions/node/v16.13.2/lib/node_modules/yarn/lib/cli.js:141510:19)
      at Object.onceWrapper (node:events:509:28)
      at ClientRequest.emit (node:events:390:28)
      at TLSSocket.emitRequestTimeout (node:_http_client:763:9)
      at Object.onceWrapper (node:events:509:28)
      at TLSSocket.emit (node:events:402:35)
      at TLSSocket.Socket._onTimeout (node:net:501:8)
      at listOnTimeout (node:internal/timers:557:17)
      at processTimers (node:internal/timers:500:7)

npm manifest: 
  {
    "name": "@frontend/ui",
    "version": "0.1.15",
    "scripts": {
      "dev": "vite",
      "serve": "vite preview",
      "build": "vite build && tsc --emitDeclarationOnly && mv dist/src dist/types",
      "build:css": "npx --no-install tailwindcss-cli@latest build ./src/index.css -o ./gitsui.css",
      "old:prepublishOnly": "npm run build",
      "changelog": "conventional-changelog -p angular -i CHANGELOG.md -s -r 0",
      "release": "standard-version",
      "build-storybook": "build-storybook",
      "storybook": "start-storybook -p 6006",
      "sb": "npm run storybook"
    },
    "dependencies": {
      "@ckeditor/ckeditor5-build-classic": "^30.0.0",
      "@ckeditor/ckeditor5-vue": "^2.0.1",
      "@heroicons/vue": "^1.0.5",
      "@popperjs/core": "^2.11.2",
      "@vueuse/core": "^7.6.2",
      "axios": "^0.24.0",
      "feather-icons": "^4.28.0",
      "lodash": "^4.17.21",
      "lodash-es": "^4.17.21",
      "pagino": "^1.4.1",
      "pinia": "^2.0.11",
      "tailwindcss": "^3.0.23",
      "vee-validate": "^4.5.9",
      "vue": "^3.2.31",
      "vue-feather": "^2.0.0",
      "vue-remix-icons": "^1.1.1",
      "vue-router": "^4.0.12",
      "yup": "^0.32.11"
    },
    "devDependencies": {
      "@babel/core": "^7.17.5",
      "@headlessui/vue": "1.4.1",
      "@iconify-json/heroicons-solid": "^1.1.1",
      "@mdx-js/react": "^1.6.22",
      "@storybook/addon-actions": "^6.4.19",
      "@storybook/addon-essentials": "^6.4.19",
      "@storybook/addon-links": "^6.4.19",
      "@storybook/core-common": "^6.4.19",
      "@storybook/vue3": "^6.4.19",
      "@tailwindcss/aspect-ratio": "^0.4.0",
      "@tailwindcss/forms": "^0.4.0",
      "@tailwindcss/line-clamp": "^0.3.1",
      "@tailwindcss/typography": "^0.5.2",
      "@vitejs/plugin-vue": "^1.10.2",
      "@vue/compiler-sfc": "^3.2.31",
      "autoprefixer": "^10.4.2",
      "babel-loader": "^8.2.3",
      "cross-env": "^7.0.3",
      "postcss": "^8.4.6",
      "react": "^17.0.2",
      "simple-syntax-highlighter": "^2.2.0",
      "standard-version": "^9.3.2",
      "storybook-builder-vite": "^0.1.17",
      "tailwindcss-cli": "^0.1.2",
      "typescript": "^4.5.5",
      "unplugin-icons": "^0.13.2",
      "vite": "^2.8.4",
      "vue-loader": "^16.8.3"
    },
    "gitHead": "a3873617b764442416da0687a66a7ba20638c7cb",
    "publishConfig": {
      "@frontend:registry": "https://git.gits.id/api/v4/projects/1360/packages/npm/"
    },
    "main": "index.ts",
    "module": "index.ts",
    "types": "./dist/types/index.d.ts",
    "files": [
      "dist",
      "public",
      "src",
      "index.ts",
      "preset.js"
    ]
  }

yarn manifest: 
  No manifest

Lockfile: 
  No lockfile
