{
  "0 debug pnpm:scope": {
    "selected": 1,
    "workspacePrefix": "/Users/gitsindonesia/Code/GITS/ui"
  },
  "1 error pnpm": {
    "errno": 1,
    "code": "ELIFECYCLE",
    "pkgid": "@gits-id/components@0.1.16",
    "stage": "dev",
    "script": "lerna run dev --scope @gits-id/playground --stream",
    "pkgname": "@gits-id/components",
    "err": {
      "name": "pnpm",
      "message": "@gits-id/components@0.1.16 dev: `lerna run dev --scope @gits-id/playground --stream`\nExit status 1",
      "code": "ELIFECYCLE",
      "stack": "pnpm: @gits-id/components@0.1.16 dev: `lerna run dev --scope @gits-id/playground --stream`\nExit status 1\n    at EventEmitter.<anonymous> (/Users/gitsindonesia/.nvm/versions/node/v16.13.2/pnpm-global/5/node_modules/.pnpm/pnpm@6.32.3/node_modules/pnpm/dist/pnpm.cjs:105724:20)\n    at EventEmitter.emit (node:events:390:28)\n    at ChildProcess.<anonymous> (/Users/gitsindonesia/.nvm/versions/node/v16.13.2/pnpm-global/5/node_modules/.pnpm/pnpm@6.32.3/node_modules/pnpm/dist/pnpm.cjs:92285:18)\n    at ChildProcess.emit (node:events:390:28)\n    at maybeClose (node:internal/child_process:1064:16)\n    at Process.ChildProcess._handle.onexit (node:internal/child_process:301:5)"
    }
  }
}